[debug] [2017-07-31T04:17:31.229Z] ----------------------------------------------------------------------
[debug] [2017-07-31T04:17:31.229Z] Command:      D:\node\node.exe C:\Users\wu134679\AppData\Roaming\npm\node_modules\firebase-tools\bin\firebase serve
[debug] [2017-07-31T04:17:31.245Z] CLI Version:  3.9.1
[debug] [2017-07-31T04:17:31.245Z] Platform:     win32
[debug] [2017-07-31T04:17:31.245Z] Node Version: v6.11.1
[debug] [2017-07-31T04:17:31.245Z] Time:         Mon Jul 31 2017 00:17:31 GMT-0400 (Eastern Daylight Time)
[debug] [2017-07-31T04:17:31.245Z] ----------------------------------------------------------------------
[debug] 
[debug] [2017-07-31T04:17:31.245Z] > command requires scopes: ["email","openid","https://www.googleapis.com/auth/cloudplatformprojects.readonly","https://www.googleapis.com/auth/firebase","https://www.googleapis.com/auth/cloud-platform"]
[debug] [2017-07-31T04:17:31.245Z] > authorizing via signed-in user
[debug] [2017-07-31T04:17:31.245Z] >>> HTTP REQUEST GET https://admin.firebase.com/v1/projects/chat-staging-1a064  
 Mon Jul 31 2017 00:17:31 GMT-0400 (Eastern Daylight Time)
[debug] [2017-07-31T04:17:32.220Z] <<< HTTP RESPONSE 200
[debug] [2017-07-31T04:17:32.220Z] >>> HTTP REQUEST GET https://admin.firebase.com/v1/database/chat-staging-1a064/tokens  
 Mon Jul 31 2017 00:17:32 GMT-0400 (Eastern Daylight Time)
[debug] [2017-07-31T04:17:32.814Z] <<< HTTP RESPONSE 200
[info] 
[info] === Serving from 'C:\Users\wu134679\Desktop\chat'...
[info] 
[debug] [2017-07-31T04:17:32.820Z] >>> HTTP REQUEST GET https://cloudresourcemanager.googleapis.com/v1/projects/chat-staging-1a064  
 Mon Jul 31 2017 00:17:32 GMT-0400 (Eastern Daylight Time)
[debug] [2017-07-31T04:17:33.126Z] <<< HTTP RESPONSE 200
[debug] [2017-07-31T04:17:33.126Z] >>> HTTP REQUEST GET https://mobilesdk-pa.googleapis.com/v1/projects/588803303485/clients/_:getWebAppConfig  
 Mon Jul 31 2017 00:17:33 GMT-0400 (Eastern Daylight Time)
[debug] [2017-07-31T04:17:33.543Z] <<< HTTP RESPONSE 200
[info] i  hosting: Serving hosting files from: public
[info] +  hosting: Local server: http://localhost:5000

